<?xml version="1.0" ?>
<!DOCTYPE coverage SYSTEM "http://cobertura.sourceforge.net/xml/coverage-04.dtd">
<coverage lines-valid="3759" lines-covered="3759" line-rate="1" branches-valid="829" branches-covered="829" branch-rate="1" timestamp="1607456672359" complexity="0" version="0.1">
  <sources>
    <source>/Users/pltanguay/Documents/Git/LOG2990/log2990-201/client</source>
  </sources>
  <packages>
    <package name="src" line-rate="1" branch-rate="1">
      <classes>
        <class name="polyfills.ts" filename="src/polyfills.ts" line-rate="0" branch-rate="0">
          <methods>
          </methods>
          <lines>
          </lines>
        </class>
        <class name="test.ts" filename="src/test.ts" line-rate="1" branch-rate="1">
          <methods>
          </methods>
          <lines>
            <line number="10" hits="1" branch="false"/>
            <line number="12" hits="1" branch="false"/>
            <line number="14" hits="1" branch="false"/>
          </lines>
        </class>
      </classes>
    </package>
    <package name="src.app" line-rate="1" branch-rate="1">
      <classes>
        <class name="app-routing.module.ts" filename="src/app/app-routing.module.ts" line-rate="1" branch-rate="1">
          <methods>
          </methods>
          <lines>
            <line number="6" hits="1" branch="false"/>
            <line number="17" hits="1" branch="false"/>
          </lines>
        </class>
        <class name="app.module.ts" filename="src/app/app.module.ts" line-rate="1" branch-rate="1">
          <methods>
          </methods>
          <lines>
            <line number="131" hits="1" branch="false"/>
          </lines>
        </class>
        <class name="material.module.ts" filename="src/app/material.module.ts" line-rate="1" branch-rate="1">
          <methods>
          </methods>
          <lines>
            <line number="71" hits="1" branch="false"/>
          </lines>
        </class>
      </classes>
    </package>
    <package name="src.app.classes.base-shape" line-rate="1" branch-rate="1">
      <classes>
        <class name="base-shape.ts" filename="src/app/classes/base-shape/base-shape.ts" line-rate="1" branch-rate="1">
          <methods>
            <method name="(anonymous_0)" hits="701" signature="()V">
              <lines>
                <line number="9" hits="701"/>
              </lines>
            </method>
            <method name="(anonymous_1)" hits="2" signature="()V">
              <lines>
                <line number="17" hits="2"/>
              </lines>
            </method>
            <method name="(anonymous_2)" hits="2" signature="()V">
              <lines>
                <line number="22" hits="2"/>
              </lines>
            </method>
          </methods>
          <lines>
            <line number="3" hits="1" branch="false"/>
            <line number="10" hits="701" branch="false"/>
            <line number="11" hits="701" branch="false"/>
            <line number="12" hits="701" branch="false"/>
            <line number="18" hits="2" branch="false"/>
            <line number="19" hits="2" branch="false"/>
            <line number="23" hits="2" branch="false"/>
            <line number="24" hits="2" branch="false"/>
          </lines>
        </class>
      </classes>
    </package>
    <package name="src.app.classes.base-trace" line-rate="1" branch-rate="1">
      <classes>
        <class name="base-trace.ts" filename="src/app/classes/base-trace/base-trace.ts" line-rate="1" branch-rate="1">
          <methods>
            <method name="(anonymous_0)" hits="489" signature="()V">
              <lines>
                <line number="13" hits="489"/>
              </lines>
            </method>
            <method name="(anonymous_1)" hits="2" signature="()V">
              <lines>
                <line number="20" hits="2"/>
              </lines>
            </method>
            <method name="(anonymous_2)" hits="2" signature="()V">
              <lines>
                <line number="23" hits="2"/>
              </lines>
            </method>
            <method name="(anonymous_3)" hits="7" signature="()V">
              <lines>
                <line number="29" hits="7"/>
              </lines>
            </method>
            <method name="(anonymous_4)" hits="3895" signature="()V">
              <lines>
                <line number="35" hits="3895"/>
              </lines>
            </method>
          </methods>
          <lines>
            <line number="6" hits="1" branch="false"/>
            <line number="14" hits="489" branch="false"/>
            <line number="15" hits="489" branch="false"/>
            <line number="16" hits="489" branch="false"/>
            <line number="17" hits="489" branch="false"/>
            <line number="21" hits="2" branch="false"/>
            <line number="22" hits="2" branch="false"/>
            <line number="23" hits="2" branch="false"/>
            <line number="24" hits="2" branch="false"/>
            <line number="26" hits="2" branch="false"/>
            <line number="30" hits="7" branch="false"/>
            <line number="31" hits="7" branch="false"/>
            <line number="32" hits="7" branch="false"/>
            <line number="36" hits="3895" branch="false"/>
          </lines>
        </class>
      </classes>
    </package>
    <package name="src.app.classes.base-trace.brush" line-rate="1" branch-rate="1">
      <classes>
        <class name="brush.ts" filename="src/app/classes/base-trace/brush/brush.ts" line-rate="1" branch-rate="1">
          <methods>
            <method name="(anonymous_0)" hits="59" signature="()V">
              <lines>
                <line number="10" hits="59"/>
              </lines>
            </method>
            <method name="(anonymous_1)" hits="2" signature="()V">
              <lines>
                <line number="15" hits="2"/>
              </lines>
            </method>
          </methods>
          <lines>
            <line number="3" hits="1" branch="false"/>
            <line number="4" hits="1" branch="false"/>
            <line number="5" hits="1" branch="false"/>
            <line number="11" hits="59" branch="false"/>
            <line number="12" hits="59" branch="false"/>
            <line number="16" hits="2" branch="false"/>
            <line number="17" hits="2" branch="false"/>
            <line number="18" hits="2" branch="true" condition-coverage="100% (2/2)"/>
            <line number="19" hits="1" branch="false"/>
            <line number="20" hits="1" branch="false"/>
            <line number="22" hits="1" branch="false"/>
          </lines>
        </class>
      </classes>
    </package>
    <package name="src.app.classes.base-trace.eraser" line-rate="1" branch-rate="1">
      <classes>
        <class name="eraser.ts" filename="src/app/classes/base-trace/eraser/eraser.ts" line-rate="1" branch-rate="1">
          <methods>
            <method name="(anonymous_0)" hits="73" signature="()V">
              <lines>
                <line number="9" hits="73"/>
              </lines>
            </method>
            <method name="(anonymous_1)" hits="4" signature="()V">
              <lines>
                <line number="13" hits="4"/>
              </lines>
            </method>
            <method name="(anonymous_2)" hits="15" signature="()V">
              <lines>
                <line number="19" hits="15"/>
              </lines>
            </method>
            <method name="(anonymous_3)" hits="3" signature="()V">
              <lines>
                <line number="24" hits="3"/>
              </lines>
            </method>
            <method name="(anonymous_4)" hits="2" signature="()V">
              <lines>
                <line number="30" hits="2"/>
              </lines>
            </method>
            <method name="(anonymous_5)" hits="17" signature="()V">
              <lines>
                <line number="35" hits="17"/>
              </lines>
            </method>
          </methods>
          <lines>
            <line number="6" hits="1" branch="false"/>
            <line number="10" hits="73" branch="false"/>
            <line number="14" hits="4" branch="false"/>
            <line number="15" hits="4" branch="false"/>
            <line number="16" hits="4" branch="false"/>
            <line number="17" hits="4" branch="false"/>
            <line number="18" hits="4" branch="false"/>
            <line number="19" hits="4" branch="false"/>
            <line number="20" hits="15" branch="false"/>
            <line number="25" hits="3" branch="false"/>
            <line number="26" hits="3" branch="false"/>
            <line number="27" hits="3" branch="false"/>
            <line number="29" hits="3" branch="false"/>
            <line number="30" hits="3" branch="false"/>
            <line number="31" hits="2" branch="false"/>
            <line number="36" hits="17" branch="false"/>
          </lines>
        </class>
      </classes>
    </package>
    <package name="src.app.classes.base-trace.feather-pen" line-rate="1" branch-rate="1">
      <classes>
        <class name="feather-pen.ts" filename="src/app/classes/base-trace/feather-pen/feather-pen.ts" line-rate="1" branch-rate="1">
          <methods>
            <method name="(anonymous_0)" hits="71" signature="()V">
              <lines>
                <line number="14" hits="71"/>
              </lines>
            </method>
            <method name="(anonymous_1)" hits="1" signature="()V">
              <lines>
                <line number="20" hits="1"/>
              </lines>
            </method>
            <method name="(anonymous_2)" hits="2" signature="()V">
              <lines>
                <line number="24" hits="2"/>
              </lines>
            </method>
            <method name="(anonymous_3)" hits="1" signature="()V">
              <lines>
                <line number="27" hits="1"/>
              </lines>
            </method>
            <method name="(anonymous_4)" hits="2" signature="()V">
              <lines>
                <line number="32" hits="2"/>
              </lines>
            </method>
            <method name="(anonymous_5)" hits="1" signature="()V">
              <lines>
                <line number="34" hits="1"/>
              </lines>
            </method>
            <method name="(anonymous_6)" hits="1" signature="()V">
              <lines>
                <line number="39" hits="1"/>
              </lines>
            </method>
          </methods>
          <lines>
            <line number="7" hits="1" branch="false"/>
            <line number="15" hits="71" branch="false"/>
            <line number="16" hits="71" branch="false"/>
            <line number="17" hits="71" branch="false"/>
            <line number="21" hits="1" branch="false"/>
            <line number="25" hits="2" branch="false"/>
            <line number="26" hits="2" branch="false"/>
            <line number="27" hits="2" branch="false"/>
            <line number="28" hits="1" branch="false"/>
            <line number="33" hits="2" branch="false"/>
            <line number="34" hits="2" branch="false"/>
            <line number="35" hits="1" branch="false"/>
            <line number="40" hits="1" branch="false"/>
            <line number="41" hits="1" branch="false"/>
            <line number="42" hits="1" branch="false"/>
          </lines>
        </class>
      </classes>
    </package>
    <package name="src.app.classes.base-trace.feather-pen.calligraphy" line-rate="1" branch-rate="1">
      <classes>
        <class name="calligraphy.ts" filename="src/app/classes/base-trace/feather-pen/calligraphy/calligraphy.ts" line-rate="1" branch-rate="1">
          <methods>
            <method name="(anonymous_0)" hits="139" signature="()V">
              <lines>
                <line number="14" hits="139"/>
              </lines>
            </method>
            <method name="(anonymous_1)" hits="3" signature="()V">
              <lines>
                <line number="21" hits="3"/>
              </lines>
            </method>
            <method name="(anonymous_2)" hits="2" signature="()V">
              <lines>
                <line number="28" hits="2"/>
              </lines>
            </method>
            <method name="(anonymous_3)" hits="1" signature="()V">
              <lines>
                <line number="32" hits="1"/>
              </lines>
            </method>
            <method name="(anonymous_4)" hits="6" signature="()V">
              <lines>
                <line number="48" hits="6"/>
              </lines>
            </method>
          </methods>
          <lines>
            <line number="4" hits="1" branch="false"/>
            <line number="5" hits="1" branch="false"/>
            <line number="6" hits="1" branch="false"/>
            <line number="15" hits="139" branch="false"/>
            <line number="16" hits="139" branch="false"/>
            <line number="17" hits="139" branch="false"/>
            <line number="18" hits="139" branch="false"/>
            <line number="22" hits="3" branch="false"/>
            <line number="23" hits="3" branch="false"/>
            <line number="24" hits="3" branch="false"/>
            <line number="25" hits="3" branch="false"/>
            <line number="29" hits="2" branch="false"/>
            <line number="33" hits="1" branch="false"/>
            <line number="35" hits="1" branch="false"/>
            <line number="36" hits="1" branch="false"/>
            <line number="37" hits="1" branch="false"/>
            <line number="38" hits="1" branch="false"/>
            <line number="39" hits="1" branch="false"/>
            <line number="41" hits="1" branch="false"/>
            <line number="42" hits="1" branch="false"/>
            <line number="43" hits="1" branch="false"/>
            <line number="44" hits="1" branch="false"/>
            <line number="45" hits="1" branch="false"/>
            <line number="49" hits="6" branch="false"/>
          </lines>
        </class>
      </classes>
    </package>
    <package name="src.app.classes.base-trace.pencil" line-rate="1" branch-rate="1">
      <classes>
        <class name="pencil.ts" filename="src/app/classes/base-trace/pencil/pencil.ts" line-rate="1" branch-rate="1">
          <methods>
            <method name="(anonymous_0)" hits="57" signature="()V">
              <lines>
                <line number="4" hits="57"/>
              </lines>
            </method>
            <method name="(anonymous_1)" hits="1" signature="()V">
              <lines>
                <line number="8" hits="1"/>
              </lines>
            </method>
          </methods>
          <lines>
            <line number="5" hits="57" branch="false"/>
            <line number="9" hits="1" branch="false"/>
            <line number="10" hits="1" branch="false"/>
          </lines>
        </class>
      </classes>
    </package>
    <package name="src.app.classes.base-trace.spray" line-rate="1" branch-rate="1">
      <classes>
        <class name="spray.ts" filename="src/app/classes/base-trace/spray/spray.ts" line-rate="1" branch-rate="1">
          <methods>
            <method name="(anonymous_0)" hits="66" signature="()V">
              <lines>
                <line number="4" hits="66"/>
              </lines>
            </method>
            <method name="(anonymous_1)" hits="2" signature="()V">
              <lines>
                <line number="8" hits="2"/>
              </lines>
            </method>
            <method name="(anonymous_2)" hits="2" signature="()V">
              <lines>
                <line number="12" hits="2"/>
              </lines>
            </method>
            <method name="(anonymous_3)" hits="1" signature="()V">
              <lines>
                <line number="15" hits="1"/>
              </lines>
            </method>
          </methods>
          <lines>
            <line number="5" hits="66" branch="false"/>
            <line number="9" hits="2" branch="false"/>
            <line number="13" hits="2" branch="false"/>
            <line number="14" hits="2" branch="false"/>
            <line number="15" hits="2" branch="false"/>
            <line number="16" hits="1" branch="false"/>
            <line number="17" hits="1" branch="false"/>
            <line number="19" hits="2" branch="false"/>
          </lines>
        </class>
      </classes>
    </package>
    <package name="src.app.classes.bucket" line-rate="1" branch-rate="1">
      <classes>
        <class name="bucket.ts" filename="src/app/classes/bucket/bucket.ts" line-rate="1" branch-rate="1">
          <methods>
            <method name="(anonymous_0)" hits="4" signature="()V">
              <lines>
                <line number="9" hits="4"/>
              </lines>
            </method>
            <method name="(anonymous_1)" hits="1" signature="()V">
              <lines>
                <line number="15" hits="1"/>
              </lines>
            </method>
          </methods>
          <lines>
            <line number="10" hits="4" branch="false"/>
            <line number="11" hits="4" branch="false"/>
            <line number="12" hits="4" branch="false"/>
            <line number="16" hits="1" branch="false"/>
            <line number="17" hits="1" branch="false"/>
          </lines>
        </class>
      </classes>
    </package>
    <package name="src.app.classes.color" line-rate="1" branch-rate="1">
      <classes>
        <class name="color.ts" filename="src/app/classes/color/color.ts" line-rate="1" branch-rate="1">
          <methods>
            <method name="(anonymous_0)" hits="1" signature="()V">
              <lines>
                <line number="5" hits="1"/>
              </lines>
            </method>
            <method name="(anonymous_1)" hits="2813" signature="()V">
              <lines>
                <line number="38" hits="2813"/>
              </lines>
            </method>
            <method name="(anonymous_2)" hits="1" signature="()V">
              <lines>
                <line number="46" hits="1"/>
              </lines>
            </method>
            <method name="(anonymous_3)" hits="3465" signature="()V">
              <lines>
                <line number="51" hits="3465"/>
              </lines>
            </method>
            <method name="(anonymous_4)" hits="3561" signature="()V">
              <lines>
                <line number="58" hits="3561"/>
              </lines>
            </method>
            <method name="(anonymous_5)" hits="1388" signature="()V">
              <lines>
                <line number="62" hits="1388"/>
              </lines>
            </method>
            <method name="(anonymous_6)" hits="1388" signature="()V">
              <lines>
                <line number="71" hits="1388"/>
              </lines>
            </method>
            <method name="(anonymous_7)" hits="17" signature="()V">
              <lines>
                <line number="77" hits="17"/>
              </lines>
            </method>
            <method name="(anonymous_8)" hits="18" signature="()V">
              <lines>
                <line number="81" hits="18"/>
              </lines>
            </method>
            <method name="(anonymous_9)" hits="18" signature="()V">
              <lines>
                <line number="85" hits="18"/>
              </lines>
            </method>
            <method name="(anonymous_10)" hits="18" signature="()V">
              <lines>
                <line number="89" hits="18"/>
              </lines>
            </method>
            <method name="(anonymous_11)" hits="1412" signature="()V">
              <lines>
                <line number="93" hits="1412"/>
              </lines>
            </method>
            <method name="(anonymous_12)" hits="12" signature="()V">
              <lines>
                <line number="97" hits="12"/>
              </lines>
            </method>
            <method name="(anonymous_13)" hits="181" signature="()V">
              <lines>
                <line number="101" hits="181"/>
              </lines>
            </method>
            <method name="(anonymous_14)" hits="1176" signature="()V">
              <lines>
                <line number="105" hits="1176"/>
              </lines>
            </method>
            <method name="(anonymous_15)" hits="8" signature="()V">
              <lines>
                <line number="111" hits="8"/>
              </lines>
            </method>
            <method name="(anonymous_16)" hits="11" signature="()V">
              <lines>
                <line number="123" hits="11"/>
              </lines>
            </method>
          </methods>
          <lines>
            <line number="1" hits="1" branch="false"/>
            <line number="2" hits="1" branch="false"/>
            <line number="3" hits="1" branch="false"/>
            <line number="5" hits="1" branch="true" condition-coverage="100% (2/2)"/>
            <line number="6" hits="1" branch="false"/>
            <line number="7" hits="1" branch="false"/>
            <line number="8" hits="1" branch="false"/>
            <line number="9" hits="1" branch="false"/>
            <line number="10" hits="1" branch="false"/>
            <line number="11" hits="1" branch="false"/>
            <line number="12" hits="1" branch="false"/>
            <line number="39" hits="2813" branch="true" condition-coverage="100% (2/2)"/>
            <line number="40" hits="1388" branch="false"/>
            <line number="41" hits="1388" branch="false"/>
            <line number="42" hits="1388" branch="false"/>
            <line number="47" hits="1" branch="false"/>
            <line number="52" hits="3465" branch="false"/>
            <line number="53" hits="3465" branch="true" condition-coverage="100% (2/2)"/>
            <line number="54" hits="3465" branch="false"/>
            <line number="59" hits="3561" branch="false"/>
            <line number="63" hits="1388" branch="false"/>
            <line number="65" hits="1388" branch="false"/>
            <line number="66" hits="1388" branch="false"/>
            <line number="67" hits="1388" branch="false"/>
            <line number="68" hits="1388" branch="false"/>
            <line number="72" hits="1388" branch="false"/>
            <line number="73" hits="1388" branch="false"/>
            <line number="74" hits="1388" branch="false"/>
            <line number="78" hits="17" branch="false"/>
            <line number="82" hits="18" branch="false"/>
            <line number="86" hits="18" branch="false"/>
            <line number="90" hits="18" branch="false"/>
            <line number="94" hits="1412" branch="false"/>
            <line number="98" hits="12" branch="false"/>
            <line number="102" hits="181" branch="false"/>
            <line number="106" hits="1176" branch="false"/>
            <line number="112" hits="8" branch="false"/>
            <line number="114" hits="8" branch="false"/>
            <line number="120" hits="8" branch="false"/>
            <line number="124" hits="11" branch="false"/>
            <line number="125" hits="11" branch="false"/>
            <line number="126" hits="11" branch="false"/>
            <line number="128" hits="11" branch="false"/>
            <line number="129" hits="11" branch="false"/>
            <line number="130" hits="11" branch="false"/>
            <line number="132" hits="11" branch="false"/>
            <line number="133" hits="11" branch="false"/>
            <line number="135" hits="11" branch="true" condition-coverage="100% (2/2)"/>
            <line number="136" hits="1" branch="false"/>
            <line number="138" hits="10" branch="false"/>
            <line number="139" hits="10" branch="true" condition-coverage="100% (2/2)"/>
            <line number="140" hits="10" branch="false"/>
            <line number="142" hits="6" branch="true" condition-coverage="100% (2/2)"/>
            <line number="143" hits="6" branch="false"/>
            <line number="145" hits="2" branch="false"/>
            <line number="146" hits="2" branch="false"/>
            <line number="148" hits="2" branch="false"/>
            <line number="149" hits="2" branch="false"/>
            <line number="151" hits="10" branch="false"/>
            <line number="154" hits="11" branch="false"/>
          </lines>
        </class>
      </classes>
    </package>
    <package name="src.app.classes.color-picker" line-rate="1" branch-rate="1">
      <classes>
        <class name="color-picker.ts" filename="src/app/classes/color-picker/color-picker.ts" line-rate="1" branch-rate="1">
          <methods>
            <method name="(anonymous_0)" hits="67" signature="()V">
              <lines>
                <line number="18" hits="67"/>
              </lines>
            </method>
            <method name="(anonymous_1)" hits="67" signature="()V">
              <lines>
                <line number="22" hits="67"/>
              </lines>
            </method>
            <method name="(anonymous_2)" hits="5" signature="()V">
              <lines>
                <line number="31" hits="5"/>
              </lines>
            </method>
            <method name="(anonymous_3)" hits="5" signature="()V">
              <lines>
                <line number="36" hits="5"/>
              </lines>
            </method>
            <method name="(anonymous_4)" hits="6" signature="()V">
              <lines>
                <line number="41" hits="6"/>
              </lines>
            </method>
            <method name="(anonymous_5)" hits="1126" signature="()V">
              <lines>
                <line number="48" hits="1126"/>
              </lines>
            </method>
            <method name="(anonymous_6)" hits="14" signature="()V">
              <lines>
                <line number="53" hits="14"/>
              </lines>
            </method>
            <method name="(anonymous_7)" hits="5" signature="()V">
              <lines>
                <line number="57" hits="5"/>
              </lines>
            </method>
          </methods>
          <lines>
            <line number="5" hits="1" branch="false"/>
            <line number="6" hits="1" branch="false"/>
            <line number="19" hits="67" branch="false"/>
            <line number="23" hits="67" branch="false"/>
            <line number="24" hits="67" branch="false"/>
            <line number="32" hits="5" branch="false"/>
            <line number="33" hits="5" branch="false"/>
            <line number="37" hits="5" branch="false"/>
            <line number="38" hits="5" branch="false"/>
            <line number="42" hits="6" branch="false"/>
            <line number="43" hits="6" branch="false"/>
            <line number="44" hits="6" branch="false"/>
            <line number="48" hits="6" branch="false"/>
            <line number="49" hits="1126" branch="false"/>
            <line number="54" hits="14" branch="false"/>
            <line number="58" hits="5" branch="false"/>
          </lines>
        </class>
      </classes>
    </package>
    <package name="src.app.classes.contour-shape" line-rate="1" branch-rate="1">
      <classes>
        <class name="contour-shape.ts" filename="src/app/classes/contour-shape/contour-shape.ts" line-rate="1" branch-rate="1">
          <methods>
            <method name="(anonymous_0)" hits="697" signature="()V">
              <lines>
                <line number="9" hits="697"/>
              </lines>
            </method>
            <method name="(anonymous_1)" hits="4" signature="()V">
              <lines>
                <line number="18" hits="4"/>
              </lines>
            </method>
            <method name="(anonymous_2)" hits="4" signature="()V">
              <lines>
                <line number="38" hits="4"/>
              </lines>
            </method>
          </methods>
          <lines>
            <line number="10" hits="697" branch="false"/>
            <line number="11" hits="697" branch="false"/>
            <line number="12" hits="697" branch="false"/>
            <line number="13" hits="697" branch="false"/>
            <line number="14" hits="697" branch="true" condition-coverage="100% (2/2)"/>
            <line number="15" hits="697" branch="false"/>
            <line number="19" hits="4" branch="true" condition-coverage="100% (2/2)"/>
            <line number="20" hits="2" branch="false"/>
            <line number="21" hits="2" branch="false"/>
            <line number="24" hits="2" branch="false"/>
            <line number="26" hits="2" branch="false"/>
            <line number="28" hits="2" branch="true" condition-coverage="100% (2/2)"/>
            <line number="30" hits="1" branch="false"/>
            <line number="39" hits="4" branch="false"/>
            <line number="41" hits="4" branch="true" condition-coverage="100% (2/2)"/>
            <line number="42" hits="1" branch="false"/>
            <line number="43" hits="1" branch="false"/>
            <line number="44" hits="1" branch="false"/>
            <line number="47" hits="3" branch="false"/>
            <line number="48" hits="3" branch="false"/>
          </lines>
        </class>
      </classes>
    </package>
    <package name="src.app.classes.contour-shape.ellipse" line-rate="1" branch-rate="1">
      <classes>
        <class name="dashed-ellipse.ts" filename="src/app/classes/contour-shape/ellipse/dashed-ellipse.ts" line-rate="1" branch-rate="1">
          <methods>
            <method name="(anonymous_0)" hits="140" signature="()V">
              <lines>
                <line number="12" hits="140"/>
              </lines>
            </method>
            <method name="(anonymous_1)" hits="1" signature="()V">
              <lines>
                <line number="17" hits="1"/>
              </lines>
            </method>
          </methods>
          <lines>
            <line number="13" hits="140" branch="false"/>
            <line number="14" hits="140" branch="false"/>
            <line number="18" hits="1" branch="false"/>
            <line number="19" hits="1" branch="false"/>
            <line number="20" hits="1" branch="false"/>
            <line number="21" hits="1" branch="false"/>
          </lines>
        </class>
        <class name="ellipse.ts" filename="src/app/classes/contour-shape/ellipse/ellipse.ts" line-rate="1" branch-rate="1">
          <methods>
            <method name="(anonymous_0)" hits="254" signature="()V">
              <lines>
                <line number="14" hits="254"/>
              </lines>
            </method>
            <method name="(anonymous_1)" hits="2" signature="()V">
              <lines>
                <line number="19" hits="2"/>
              </lines>
            </method>
            <method name="(anonymous_2)" hits="1" signature="()V">
              <lines>
                <line number="23" hits="1"/>
              </lines>
            </method>
            <method name="(anonymous_3)" hits="1" signature="()V">
              <lines>
                <line number="31" hits="1"/>
              </lines>
            </method>
            <method name="(anonymous_4)" hits="2" signature="()V">
              <lines>
                <line number="37" hits="2"/>
              </lines>
            </method>
          </methods>
          <lines>
            <line number="15" hits="254" branch="false"/>
            <line number="16" hits="254" branch="false"/>
            <line number="20" hits="2" branch="true" condition-coverage="100% (2/2)"/>
            <line number="24" hits="1" branch="false"/>
            <line number="25" hits="1" branch="false"/>
            <line number="26" hits="1" branch="false"/>
            <line number="27" hits="1" branch="false"/>
            <line number="28" hits="1" branch="false"/>
            <line number="32" hits="1" branch="false"/>
            <line number="33" hits="1" branch="false"/>
            <line number="34" hits="1" branch="false"/>
            <line number="38" hits="2" branch="true" condition-coverage="100% (2/2)"/>
            <line number="39" hits="2" branch="false"/>
            <line number="41" hits="2" branch="true" condition-coverage="100% (4/4)"/>
            <line number="43" hits="1" branch="false"/>
            <line number="44" hits="1" branch="false"/>
            <line number="45" hits="1" branch="false"/>
          </lines>
        </class>
      </classes>
    </package>
    <package name="src.app.classes.contour-shape.polygone" line-rate="1" branch-rate="1">
      <classes>
        <class name="polygone.ts" filename="src/app/classes/contour-shape/polygone/polygone.ts" line-rate="1" branch-rate="1">
          <methods>
            <method name="(anonymous_0)" hits="118" signature="()V">
              <lines>
                <line number="19" hits="118"/>
              </lines>
            </method>
            <method name="(anonymous_1)" hits="2" signature="()V">
              <lines>
                <line number="26" hits="2"/>
              </lines>
            </method>
            <method name="(anonymous_2)" hits="1" signature="()V">
              <lines>
                <line number="30" hits="1"/>
              </lines>
            </method>
            <method name="(anonymous_3)" hits="1" signature="()V">
              <lines>
                <line number="42" hits="1"/>
              </lines>
            </method>
            <method name="(anonymous_4)" hits="3" signature="()V">
              <lines>
                <line number="51" hits="3"/>
              </lines>
            </method>
            <method name="(anonymous_5)" hits="23" signature="()V">
              <lines>
                <line number="68" hits="23"/>
              </lines>
            </method>
          </methods>
          <lines>
            <line number="5" hits="1" branch="false"/>
            <line number="6" hits="1" branch="false"/>
            <line number="7" hits="1" branch="false"/>
            <line number="20" hits="118" branch="false"/>
            <line number="21" hits="118" branch="false"/>
            <line number="22" hits="118" branch="false"/>
            <line number="23" hits="118" branch="false"/>
            <line number="27" hits="2" branch="true" condition-coverage="100% (2/2)"/>
            <line number="31" hits="1" branch="false"/>
            <line number="32" hits="1" branch="false"/>
            <line number="34" hits="1" branch="false"/>
            <line number="35" hits="1" branch="false"/>
            <line number="36" hits="5" branch="false"/>
            <line number="37" hits="5" branch="false"/>
            <line number="39" hits="1" branch="false"/>
            <line number="43" hits="1" branch="false"/>
            <line number="44" hits="1" branch="false"/>
            <line number="45" hits="5" branch="false"/>
            <line number="46" hits="5" branch="false"/>
            <line number="48" hits="1" branch="false"/>
            <line number="52" hits="3" branch="true" condition-coverage="100% (2/2)"/>
            <line number="53" hits="3" branch="false"/>
            <line number="54" hits="3" branch="true" condition-coverage="100% (2/2)"/>
            <line number="55" hits="1" branch="false"/>
            <line number="57" hits="3" branch="true" condition-coverage="100% (2/2)"/>
            <line number="59" hits="2" branch="false"/>
            <line number="61" hits="2" branch="false"/>
            <line number="62" hits="12" branch="false"/>
            <line number="63" hits="12" branch="false"/>
            <line number="65" hits="2" branch="false"/>
            <line number="69" hits="23" branch="false"/>
            <line number="70" hits="23" branch="false"/>
            <line number="71" hits="23" branch="false"/>
          </lines>
        </class>
      </classes>
    </package>
    <package name="src.app.classes.contour-shape.rectangle" line-rate="1" branch-rate="1">
      <classes>
        <class name="dashed-rectangle.ts" filename="src/app/classes/contour-shape/rectangle/dashed-rectangle.ts" line-rate="1" branch-rate="1">
          <methods>
            <method name="(anonymous_0)" hits="139" signature="()V">
              <lines>
                <line number="7" hits="139"/>
              </lines>
            </method>
            <method name="(anonymous_1)" hits="1" signature="()V">
              <lines>
                <line number="12" hits="1"/>
              </lines>
            </method>
          </methods>
          <lines>
            <line number="8" hits="139" branch="false"/>
            <line number="9" hits="139" branch="false"/>
            <line number="13" hits="1" branch="false"/>
            <line number="14" hits="1" branch="false"/>
          </lines>
        </class>
        <class name="rectangle.ts" filename="src/app/classes/contour-shape/rectangle/rectangle.ts" line-rate="1" branch-rate="1">
          <methods>
            <method name="(anonymous_0)" hits="319" signature="()V">
              <lines>
                <line number="9" hits="319"/>
              </lines>
            </method>
            <method name="(anonymous_1)" hits="3" signature="()V">
              <lines>
                <line number="15" hits="3"/>
              </lines>
            </method>
            <method name="(anonymous_2)" hits="2" signature="()V">
              <lines>
                <line number="19" hits="2"/>
              </lines>
            </method>
            <method name="(anonymous_3)" hits="1" signature="()V">
              <lines>
                <line number="27" hits="1"/>
              </lines>
            </method>
            <method name="(anonymous_4)" hits="2" signature="()V">
              <lines>
                <line number="32" hits="2"/>
              </lines>
            </method>
          </methods>
          <lines>
            <line number="10" hits="319" branch="false"/>
            <line number="12" hits="319" branch="false"/>
            <line number="16" hits="3" branch="true" condition-coverage="100% (2/2)"/>
            <line number="20" hits="2" branch="false"/>
            <line number="21" hits="2" branch="false"/>
            <line number="22" hits="2" branch="false"/>
            <line number="23" hits="2" branch="false"/>
            <line number="24" hits="2" branch="false"/>
            <line number="28" hits="1" branch="false"/>
            <line number="29" hits="1" branch="false"/>
            <line number="33" hits="2" branch="false"/>
            <line number="34" hits="2" branch="false"/>
            <line number="36" hits="2" branch="true" condition-coverage="100% (4/4)"/>
            <line number="38" hits="1" branch="false"/>
            <line number="39" hits="1" branch="false"/>
            <line number="40" hits="1" branch="false"/>
          </lines>
        </class>
      </classes>
    </package>
    <package name="src.app.classes.drawable" line-rate="1" branch-rate="1">
      <classes>
        <class name="drawable.ts" filename="src/app/classes/drawable/drawable.ts" line-rate="1" branch-rate="1">
          <methods>
            <method name="(anonymous_0)" hits="1419" signature="()V">
              <lines>
                <line number="11" hits="1419"/>
              </lines>
            </method>
            <method name="(anonymous_1)" hits="21" signature="()V">
              <lines>
                <line number="15" hits="21"/>
              </lines>
            </method>
            <method name="(anonymous_2)" hits="4" signature="()V">
              <lines>
                <line number="20" hits="4"/>
              </lines>
            </method>
            <method name="(anonymous_3)" hits="6" signature="()V">
              <lines>
                <line number="25" hits="6"/>
              </lines>
            </method>
            <method name="(anonymous_4)" hits="2" signature="()V">
              <lines>
                <line number="33" hits="2"/>
              </lines>
            </method>
            <method name="(anonymous_5)" hits="2" signature="()V">
              <lines>
                <line number="36" hits="2"/>
              </lines>
            </method>
          </methods>
          <lines>
            <line number="12" hits="1419" branch="false"/>
            <line number="16" hits="21" branch="false"/>
            <line number="17" hits="21" branch="false"/>
            <line number="18" hits="21" branch="false"/>
            <line number="21" hits="4" branch="false"/>
            <line number="22" hits="4" branch="false"/>
            <line number="23" hits="4" branch="false"/>
            <line number="26" hits="6" branch="false"/>
            <line number="27" hits="6" branch="false"/>
            <line number="28" hits="6" branch="false"/>
            <line number="34" hits="2" branch="false"/>
            <line number="37" hits="2" branch="false"/>
          </lines>
        </class>
      </classes>
    </package>
    <package name="src.app.classes.interfaces" line-rate="1" branch-rate="1">
      <classes>
        <class name="canvas-alert.ts" filename="src/app/classes/interfaces/canvas-alert.ts" line-rate="1" branch-rate="1">
          <methods>
            <method name="(anonymous_0)" hits="1" signature="()V">
              <lines>
                <line number="1" hits="1"/>
              </lines>
            </method>
          </methods>
          <lines>
            <line number="1" hits="1" branch="true" condition-coverage="100% (2/2)"/>
            <line number="2" hits="1" branch="false"/>
            <line number="3" hits="1" branch="false"/>
            <line number="4" hits="1" branch="false"/>
          </lines>
        </class>
      </classes>
    </package>
    <package name="src.app.classes.line" line-rate="1" branch-rate="1">
      <classes>
        <class name="line.ts" filename="src/app/classes/line/line.ts" line-rate="1" branch-rate="1">
          <methods>
            <method name="(anonymous_0)" hits="102" signature="()V">
              <lines>
                <line number="15" hits="102"/>
              </lines>
            </method>
            <method name="(anonymous_1)" hits="9" signature="()V">
              <lines>
                <line number="24" hits="9"/>
              </lines>
            </method>
            <method name="(anonymous_2)" hits="3" signature="()V">
              <lines>
                <line number="28" hits="3"/>
              </lines>
            </method>
            <method name="(anonymous_3)" hits="12" signature="()V">
              <lines>
                <line number="32" hits="12"/>
              </lines>
            </method>
            <method name="(anonymous_4)" hits="18" signature="()V">
              <lines>
                <line number="36" hits="18"/>
              </lines>
            </method>
            <method name="(anonymous_5)" hits="12" signature="()V">
              <lines>
                <line number="53" hits="12"/>
              </lines>
            </method>
            <method name="(anonymous_6)" hits="2" signature="()V">
              <lines>
                <line number="59" hits="2"/>
              </lines>
            </method>
            <method name="(anonymous_7)" hits="1" signature="()V">
              <lines>
                <line number="64" hits="1"/>
              </lines>
            </method>
            <method name="(anonymous_8)" hits="24" signature="()V">
              <lines>
                <line number="68" hits="24"/>
              </lines>
            </method>
            <method name="(anonymous_9)" hits="6" signature="()V">
              <lines>
                <line number="72" hits="6"/>
              </lines>
            </method>
            <method name="(anonymous_10)" hits="1" signature="()V">
              <lines>
                <line number="76" hits="1"/>
              </lines>
            </method>
            <method name="(anonymous_11)" hits="2" signature="()V">
              <lines>
                <line number="80" hits="2"/>
              </lines>
            </method>
            <method name="(anonymous_12)" hits="9" signature="()V">
              <lines>
                <line number="84" hits="9"/>
              </lines>
            </method>
            <method name="(anonymous_13)" hits="2" signature="()V">
              <lines>
                <line number="95" hits="2"/>
              </lines>
            </method>
            <method name="(anonymous_14)" hits="1" signature="()V">
              <lines>
                <line number="101" hits="1"/>
              </lines>
            </method>
          </methods>
          <lines>
            <line number="6" hits="1" branch="false"/>
            <line number="16" hits="102" branch="false"/>
            <line number="17" hits="102" branch="false"/>
            <line number="18" hits="102" branch="false"/>
            <line number="19" hits="102" branch="false"/>
            <line number="20" hits="102" branch="false"/>
            <line number="21" hits="102" branch="false"/>
            <line number="25" hits="9" branch="false"/>
            <line number="29" hits="3" branch="false"/>
            <line number="33" hits="12" branch="false"/>
            <line number="34" hits="12" branch="false"/>
            <line number="35" hits="12" branch="true" condition-coverage="100% (2/2)"/>
            <line number="36" hits="12" branch="false"/>
            <line number="37" hits="18" branch="false"/>
            <line number="39" hits="18" branch="true" condition-coverage="100% (2/2)"/>
            <line number="40" hits="1" branch="false"/>
            <line number="41" hits="1" branch="false"/>
            <line number="42" hits="1" branch="false"/>
            <line number="43" hits="1" branch="false"/>
            <line number="47" hits="12" branch="true" condition-coverage="100% (2/2)"/>
            <line number="48" hits="3" branch="false"/>
            <line number="50" hits="12" branch="false"/>
            <line number="54" hits="12" branch="false"/>
            <line number="55" hits="12" branch="false"/>
            <line number="56" hits="12" branch="false"/>
            <line number="60" hits="2" branch="true" condition-coverage="100% (2/2)"/>
            <line number="61" hits="1" branch="false"/>
            <line number="65" hits="1" branch="false"/>
            <line number="69" hits="24" branch="false"/>
            <line number="73" hits="6" branch="false"/>
            <line number="77" hits="1" branch="false"/>
            <line number="81" hits="2" branch="false"/>
            <line number="85" hits="9" branch="true" condition-coverage="100% (2/2)"/>
            <line number="87" hits="2" branch="false"/>
            <line number="88" hits="2" branch="false"/>
            <line number="89" hits="2" branch="true" condition-coverage="100% (2/2)"/>
            <line number="90" hits="1" branch="false"/>
            <line number="91" hits="1" branch="false"/>
            <line number="96" hits="2" branch="false"/>
            <line number="97" hits="2" branch="false"/>
            <line number="98" hits="2" branch="true" condition-coverage="100% (2/2)"/>
            <line number="102" hits="1" branch="false"/>
            <line number="103" hits="1" branch="false"/>
            <line number="104" hits="1" branch="false"/>
          </lines>
        </class>
      </classes>
    </package>
    <package name="src.app.classes.matrix" line-rate="1" branch-rate="1">
      <classes>
        <class name="matrix.ts" filename="src/app/classes/matrix/matrix.ts" line-rate="1" branch-rate="1">
          <methods>
            <method name="(anonymous_0)" hits="260" signature="()V">
              <lines>
                <line number="5" hits="260"/>
              </lines>
            </method>
            <method name="(anonymous_1)" hits="241" signature="()V">
              <lines>
                <line number="14" hits="241"/>
              </lines>
            </method>
            <method name="(anonymous_2)" hits="10" signature="()V">
              <lines>
                <line number="23" hits="10"/>
              </lines>
            </method>
            <method name="(anonymous_3)" hits="4" signature="()V">
              <lines>
                <line number="37" hits="4"/>
              </lines>
            </method>
            <method name="(anonymous_4)" hits="12" signature="()V">
              <lines>
                <line number="48" hits="12"/>
              </lines>
            </method>
            <method name="(anonymous_5)" hits="11" signature="()V">
              <lines>
                <line number="51" hits="11"/>
              </lines>
            </method>
            <method name="(anonymous_6)" hits="10" signature="()V">
              <lines>
                <line number="54" hits="10"/>
              </lines>
            </method>
            <method name="(anonymous_7)" hits="11" signature="()V">
              <lines>
                <line number="57" hits="11"/>
              </lines>
            </method>
            <method name="(anonymous_8)" hits="11" signature="()V">
              <lines>
                <line number="60" hits="11"/>
              </lines>
            </method>
            <method name="(anonymous_9)" hits="11" signature="()V">
              <lines>
                <line number="63" hits="11"/>
              </lines>
            </method>
            <method name="(anonymous_10)" hits="56" signature="()V">
              <lines>
                <line number="67" hits="56"/>
              </lines>
            </method>
            <method name="(anonymous_11)" hits="498" signature="()V">
              <lines>
                <line number="71" hits="498"/>
              </lines>
            </method>
          </methods>
          <lines>
            <line number="1" hits="1" branch="false"/>
            <line number="6" hits="260" branch="true" condition-coverage="100% (2/2)"/>
            <line number="7" hits="19" branch="false"/>
            <line number="8" hits="19" branch="false"/>
            <line number="10" hits="241" branch="false"/>
            <line number="11" hits="241" branch="false"/>
            <line number="15" hits="241" branch="false"/>
            <line number="24" hits="10" branch="false"/>
            <line number="25" hits="10" branch="false"/>
            <line number="26" hits="30" branch="false"/>
            <line number="27" hits="84" branch="false"/>
            <line number="28" hits="84" branch="false"/>
            <line number="29" hits="252" branch="false"/>
            <line number="31" hits="84" branch="false"/>
            <line number="34" hits="10" branch="false"/>
            <line number="38" hits="4" branch="false"/>
            <line number="39" hits="4" branch="false"/>
            <line number="40" hits="12" branch="false"/>
            <line number="41" hits="12" branch="false"/>
            <line number="42" hits="36" branch="false"/>
            <line number="45" hits="4" branch="false"/>
            <line number="49" hits="12" branch="false"/>
            <line number="52" hits="11" branch="false"/>
            <line number="55" hits="10" branch="false"/>
            <line number="58" hits="11" branch="false"/>
            <line number="61" hits="11" branch="false"/>
            <line number="64" hits="11" branch="false"/>
            <line number="68" hits="56" branch="false"/>
            <line number="72" hits="498" branch="false"/>
          </lines>
        </class>
      </classes>
    </package>
    <package name="src.app.classes.paths" line-rate="1" branch-rate="1">
      <classes>
        <class name="path.ts" filename="src/app/classes/paths/path.ts" line-rate="1" branch-rate="1">
          <methods>
            <method name="(anonymous_0)" hits="599" signature="()V">
              <lines>
                <line number="4" hits="599"/>
              </lines>
            </method>
            <method name="(anonymous_1)" hits="3938" signature="()V">
              <lines>
                <line number="8" hits="3938"/>
              </lines>
            </method>
            <method name="(anonymous_2)" hits="2" signature="()V">
              <lines>
                <line number="12" hits="2"/>
              </lines>
            </method>
            <method name="(anonymous_3)" hits="8" signature="()V">
              <lines>
                <line number="16" hits="8"/>
              </lines>
            </method>
            <method name="(anonymous_4)" hits="6" signature="()V">
              <lines>
                <line number="20" hits="6"/>
              </lines>
            </method>
            <method name="(anonymous_5)" hits="25" signature="()V">
              <lines>
                <line number="25" hits="25"/>
              </lines>
            </method>
            <method name="(anonymous_6)" hits="2" signature="()V">
              <lines>
                <line number="29" hits="2"/>
              </lines>
            </method>
            <method name="(anonymous_7)" hits="22" signature="()V">
              <lines>
                <line number="33" hits="22"/>
              </lines>
            </method>
            <method name="(anonymous_8)" hits="1" signature="()V">
              <lines>
                <line number="37" hits="1"/>
              </lines>
            </method>
            <method name="(anonymous_9)" hits="29" signature="()V">
              <lines>
                <line number="41" hits="29"/>
              </lines>
            </method>
          </methods>
          <lines>
            <line number="5" hits="599" branch="false"/>
            <line number="9" hits="3938" branch="false"/>
            <line number="13" hits="2" branch="false"/>
            <line number="17" hits="8" branch="false"/>
            <line number="21" hits="6" branch="true" condition-coverage="100% (2/2)"/>
            <line number="22" hits="2" branch="false"/>
            <line number="26" hits="25" branch="false"/>
            <line number="30" hits="2" branch="false"/>
            <line number="34" hits="22" branch="false"/>
            <line number="38" hits="1" branch="false"/>
            <line number="42" hits="29" branch="false"/>
          </lines>
        </class>
      </classes>
    </package>
    <package name="src.app.classes.selection-shape.selection" line-rate="1" branch-rate="1">
      <classes>
        <class name="selection.ts" filename="src/app/classes/selection-shape/selection/selection.ts" line-rate="1" branch-rate="1">
          <methods>
            <method name="(anonymous_0)" hits="45" signature="()V">
              <lines>
                <line number="14" hits="45"/>
              </lines>
            </method>
          </methods>
          <lines>
            <line number="15" hits="45" branch="false"/>
            <line number="16" hits="45" branch="false"/>
            <line number="17" hits="45" branch="false"/>
            <line number="18" hits="45" branch="false"/>
            <line number="19" hits="45" branch="false"/>
            <line number="20" hits="45" branch="false"/>
            <line number="21" hits="45" branch="true" condition-coverage="100% (2/2)"/>
            <line number="22" hits="5" branch="false"/>
            <line number="23" hits="5" branch="false"/>
            <line number="25" hits="40" branch="false"/>
          </lines>
        </class>
      </classes>
    </package>
    <package name="src.app.classes.selection-shape.selection.ellipse-selection" line-rate="1" branch-rate="1">
      <classes>
        <class name="ellipse-selection.ts" filename="src/app/classes/selection-shape/selection/ellipse-selection/ellipse-selection.ts" line-rate="1" branch-rate="1">
          <methods>
            <method name="(anonymous_0)" hits="22" signature="()V">
              <lines>
                <line number="8" hits="22"/>
              </lines>
            </method>
            <method name="(anonymous_1)" hits="4" signature="()V">
              <lines>
                <line number="13" hits="4"/>
              </lines>
            </method>
            <method name="(anonymous_2)" hits="3" signature="()V">
              <lines>
                <line number="26" hits="3"/>
              </lines>
            </method>
          </methods>
          <lines>
            <line number="9" hits="22" branch="false"/>
            <line number="10" hits="22" branch="false"/>
            <line number="14" hits="4" branch="true" condition-coverage="100% (2/2)"/>
            <line number="15" hits="4" branch="true" condition-coverage="100% (2/2)"/>
            <line number="17" hits="3" branch="false"/>
            <line number="18" hits="3" branch="false"/>
            <line number="20" hits="3" branch="false"/>
            <line number="21" hits="3" branch="false"/>
            <line number="23" hits="3" branch="false"/>
            <line number="27" hits="3" branch="false"/>
            <line number="28" hits="3" branch="false"/>
            <line number="29" hits="3" branch="false"/>
            <line number="30" hits="3" branch="false"/>
          </lines>
        </class>
      </classes>
    </package>
    <package name="src.app.classes.selection-shape.selection.magic-wand-selection" line-rate="1" branch-rate="1">
      <classes>
        <class name="magic-wand-selection.ts" filename="src/app/classes/selection-shape/selection/magic-wand-selection/magic-wand-selection.ts" line-rate="1" branch-rate="1">
          <methods>
            <method name="(anonymous_0)" hits="10" signature="()V">
              <lines>
                <line number="11" hits="10"/>
              </lines>
            </method>
            <method name="(anonymous_1)" hits="2" signature="()V">
              <lines>
                <line number="18" hits="2"/>
              </lines>
            </method>
            <method name="(anonymous_2)" hits="2" signature="()V">
              <lines>
                <line number="22" hits="2"/>
              </lines>
            </method>
            <method name="(anonymous_3)" hits="4" signature="()V">
              <lines>
                <line number="31" hits="4"/>
              </lines>
            </method>
            <method name="(anonymous_4)" hits="2" signature="()V">
              <lines>
                <line number="41" hits="2"/>
              </lines>
            </method>
          </methods>
          <lines>
            <line number="12" hits="10" branch="false"/>
            <line number="13" hits="10" branch="false"/>
            <line number="14" hits="10" branch="false"/>
            <line number="15" hits="10" branch="false"/>
            <line number="19" hits="2" branch="false"/>
            <line number="23" hits="2" branch="true" condition-coverage="100% (2/2)"/>
            <line number="24" hits="1" branch="false"/>
            <line number="26" hits="2" branch="false"/>
            <line number="28" hits="2" branch="false"/>
            <line number="32" hits="4" branch="true" condition-coverage="100% (2/2)"/>
            <line number="33" hits="4" branch="true" condition-coverage="100% (2/2)"/>
            <line number="35" hits="3" branch="false"/>
            <line number="37" hits="3" branch="false"/>
            <line number="38" hits="3" branch="false"/>
            <line number="42" hits="2" branch="false"/>
          </lines>
        </class>
      </classes>
    </package>
    <package name="src.app.classes.selection-shape.selection.rectangle-selection" line-rate="1" branch-rate="1">
      <classes>
        <class name="rectangle-selection.ts" filename="src/app/classes/selection-shape/selection/rectangle-selection/rectangle-selection.ts" line-rate="1" branch-rate="1">
          <methods>
            <method name="(anonymous_0)" hits="9" signature="()V">
              <lines>
                <line number="6" hits="9"/>
              </lines>
            </method>
            <method name="(anonymous_1)" hits="4" signature="()V">
              <lines>
                <line number="10" hits="4"/>
              </lines>
            </method>
            <method name="(anonymous_2)" hits="3" signature="()V">
              <lines>
                <line number="19" hits="3"/>
              </lines>
            </method>
          </methods>
          <lines>
            <line number="7" hits="9" branch="false"/>
            <line number="11" hits="4" branch="true" condition-coverage="100% (2/2)"/>
            <line number="12" hits="4" branch="true" condition-coverage="100% (2/2)"/>
            <line number="14" hits="3" branch="false"/>
            <line number="16" hits="3" branch="false"/>
            <line number="20" hits="3" branch="false"/>
            <line number="21" hits="3" branch="false"/>
            <line number="22" hits="3" branch="false"/>
          </lines>
        </class>
      </classes>
    </package>
    <package name="src.app.classes.stamp" line-rate="1" branch-rate="1">
      <classes>
        <class name="stamp.ts" filename="src/app/classes/stamp/stamp.ts" line-rate="1" branch-rate="1">
          <methods>
            <method name="(anonymous_0)" hits="3" signature="()V">
              <lines>
                <line number="11" hits="3"/>
              </lines>
            </method>
            <method name="(anonymous_1)" hits="1" signature="()V">
              <lines>
                <line number="18" hits="1"/>
              </lines>
            </method>
          </methods>
          <lines>
            <line number="4" hits="1" branch="false"/>
            <line number="12" hits="3" branch="false"/>
            <line number="13" hits="3" branch="false"/>
            <line number="14" hits="3" branch="false"/>
            <line number="15" hits="3" branch="false"/>
            <line number="19" hits="1" branch="false"/>
            <line number="20" hits="1" branch="false"/>
            <line number="21" hits="1" branch="false"/>
            <line number="22" hits="1" branch="false"/>
          </lines>
        </class>
      </classes>
    </package>
    <package name="src.app.classes.text" line-rate="1" branch-rate="1">
      <classes>
        <class name="text-field.ts" filename="src/app/classes/text/text-field.ts" line-rate="1" branch-rate="1">
          <methods>
            <method name="(anonymous_0)" hits="66" signature="()V">
              <lines>
                <line number="25" hits="66"/>
              </lines>
            </method>
            <method name="(anonymous_1)" hits="1" signature="()V">
              <lines>
                <line number="38" hits="1"/>
              </lines>
            </method>
            <method name="(anonymous_2)" hits="7" signature="()V">
              <lines>
                <line number="46" hits="7"/>
              </lines>
            </method>
            <method name="(anonymous_3)" hits="2" signature="()V">
              <lines>
                <line number="56" hits="2"/>
              </lines>
            </method>
            <method name="(anonymous_4)" hits="6" signature="()V">
              <lines>
                <line number="60" hits="6"/>
              </lines>
            </method>
            <method name="(anonymous_5)" hits="7" signature="()V">
              <lines>
                <line number="76" hits="7"/>
              </lines>
            </method>
            <method name="(anonymous_6)" hits="8" signature="()V">
              <lines>
                <line number="82" hits="8"/>
              </lines>
            </method>
          </methods>
          <lines>
            <line number="26" hits="66" branch="false"/>
            <line number="27" hits="66" branch="false"/>
            <line number="29" hits="66" branch="false"/>
            <line number="30" hits="66" branch="false"/>
            <line number="31" hits="66" branch="false"/>
            <line number="33" hits="66" branch="false"/>
            <line number="35" hits="66" branch="false"/>
            <line number="39" hits="1" branch="false"/>
            <line number="40" hits="1" branch="false"/>
            <line number="41" hits="1" branch="false"/>
            <line number="42" hits="3" branch="false"/>
            <line number="47" hits="7" branch="false"/>
            <line number="48" hits="7" branch="false"/>
            <line number="49" hits="7" branch="false"/>
            <line number="50" hits="21" branch="false"/>
            <line number="51" hits="21" branch="true" condition-coverage="100% (2/2)"/>
            <line number="53" hits="7" branch="false"/>
            <line number="57" hits="2" branch="false"/>
            <line number="61" hits="6" branch="false"/>
            <line number="63" hits="6" branch="false"/>
            <line number="65" hits="2" branch="false"/>
            <line number="66" hits="2" branch="false"/>
            <line number="68" hits="2" branch="false"/>
            <line number="69" hits="2" branch="false"/>
            <line number="71" hits="2" branch="false"/>
            <line number="72" hits="2" branch="false"/>
            <line number="77" hits="7" branch="false"/>
            <line number="78" hits="7" branch="false"/>
            <line number="79" hits="7" branch="false"/>
            <line number="83" hits="8" branch="false"/>
            <line number="84" hits="8" branch="true" condition-coverage="100% (2/2)"/>
            <line number="85" hits="8" branch="true" condition-coverage="100% (2/2)"/>
            <line number="86" hits="8" branch="false"/>
            <line number="87" hits="8" branch="false"/>
            <line number="88" hits="8" branch="false"/>
          </lines>
        </class>
      </classes>
    </package>
    <package name="src.app.classes.tool" line-rate="1" branch-rate="1">
      <classes>
        <class name="tool.ts" filename="src/app/classes/tool/tool.ts" line-rate="1" branch-rate="1">
          <methods>
            <method name="(anonymous_0)" hits="1259" signature="()V">
              <lines>
                <line number="29" hits="1259"/>
              </lines>
            </method>
            <method name="(anonymous_1)" hits="1" signature="()V">
              <lines>
                <line number="31" hits="1"/>
              </lines>
            </method>
            <method name="(anonymous_2)" hits="1" signature="()V">
              <lines>
                <line number="33" hits="1"/>
              </lines>
            </method>
            <method name="(anonymous_3)" hits="1" signature="()V">
              <lines>
                <line number="35" hits="1"/>
              </lines>
            </method>
            <method name="(anonymous_4)" hits="1" signature="()V">
              <lines>
                <line number="37" hits="1"/>
              </lines>
            </method>
            <method name="(anonymous_5)" hits="3" signature="()V">
              <lines>
                <line number="39" hits="3"/>
              </lines>
            </method>
            <method name="(anonymous_6)" hits="1" signature="()V">
              <lines>
                <line number="41" hits="1"/>
              </lines>
            </method>
            <method name="(anonymous_7)" hits="1" signature="()V">
              <lines>
                <line number="43" hits="1"/>
              </lines>
            </method>
            <method name="(anonymous_8)" hits="1" signature="()V">
              <lines>
                <line number="45" hits="1"/>
              </lines>
            </method>
            <method name="(anonymous_9)" hits="8" signature="()V">
              <lines>
                <line number="47" hits="8"/>
              </lines>
            </method>
            <method name="(anonymous_10)" hits="5" signature="()V">
              <lines>
                <line number="49" hits="5"/>
              </lines>
            </method>
            <method name="(anonymous_11)" hits="1" signature="()V">
              <lines>
                <line number="51" hits="1"/>
              </lines>
            </method>
            <method name="(anonymous_12)" hits="2" signature="()V">
              <lines>
                <line number="53" hits="2"/>
              </lines>
            </method>
            <method name="(anonymous_13)" hits="2" signature="()V">
              <lines>
                <line number="55" hits="2"/>
              </lines>
            </method>
            <method name="(anonymous_14)" hits="41" signature="()V">
              <lines>
                <line number="57" hits="41"/>
              </lines>
            </method>
            <method name="(anonymous_15)" hits="2" signature="()V">
              <lines>
                <line number="61" hits="2"/>
              </lines>
            </method>
          </methods>
          <lines>
            <line number="5" hits="1" branch="false"/>
            <line number="6" hits="1" branch="false"/>
            <line number="7" hits="1" branch="false"/>
            <line number="8" hits="1" branch="false"/>
            <line number="9" hits="1" branch="false"/>
            <line number="10" hits="1" branch="false"/>
            <line number="11" hits="1" branch="false"/>
            <line number="12" hits="1" branch="false"/>
            <line number="13" hits="1" branch="false"/>
            <line number="14" hits="1" branch="false"/>
            <line number="15" hits="1" branch="false"/>
            <line number="16" hits="1" branch="false"/>
            <line number="17" hits="1" branch="false"/>
            <line number="23" hits="1259" branch="false"/>
            <line number="24" hits="1259" branch="false"/>
            <line number="27" hits="1259" branch="false"/>
            <line number="29" hits="1259" branch="false"/>
            <line number="58" hits="41" branch="false"/>
            <line number="62" hits="2" branch="false"/>
          </lines>
        </class>
      </classes>
    </package>
    <package name="src.app.classes.undo-redo.action" line-rate="1" branch-rate="1">
      <classes>
        <class name="concrete-action.ts" filename="src/app/classes/undo-redo/action/concrete-action.ts" line-rate="1" branch-rate="1">
          <methods>
            <method name="(anonymous_0)" hits="22" signature="()V">
              <lines>
                <line number="9" hits="22"/>
              </lines>
            </method>
            <method name="(anonymous_1)" hits="4" signature="()V">
              <lines>
                <line number="14" hits="4"/>
              </lines>
            </method>
          </methods>
          <lines>
            <line number="10" hits="22" branch="false"/>
            <line number="11" hits="22" branch="false"/>
            <line number="15" hits="4" branch="false"/>
          </lines>
        </class>
      </classes>
    </package>
    <package name="src.app.classes.undo-redo.memento" line-rate="1" branch-rate="1">
      <classes>
        <class name="initial-memento.ts" filename="src/app/classes/undo-redo/memento/initial-memento.ts" line-rate="1" branch-rate="1">
          <methods>
            <method name="(anonymous_0)" hits="30" signature="()V">
              <lines>
                <line number="13" hits="30"/>
              </lines>
            </method>
          </methods>
          <lines>
            <line number="14" hits="30" branch="false"/>
            <line number="15" hits="30" branch="false"/>
            <line number="16" hits="30" branch="false"/>
          </lines>
        </class>
        <class name="resize-memento.ts" filename="src/app/classes/undo-redo/memento/resize-memento.ts" line-rate="1" branch-rate="1">
          <methods>
            <method name="(anonymous_0)" hits="6" signature="()V">
              <lines>
                <line number="7" hits="6"/>
              </lines>
            </method>
          </methods>
          <lines>
            <line number="8" hits="6" branch="false"/>
            <line number="9" hits="6" branch="false"/>
            <line number="10" hits="6" branch="false"/>
          </lines>
        </class>
      </classes>
    </package>
    <package name="src.app.classes.utils" line-rate="1" branch-rate="1">
      <classes>
        <class name="browser-refresh.ts" filename="src/app/classes/utils/browser-refresh.ts" line-rate="0" branch-rate="0">
          <methods>
          </methods>
          <lines>
          </lines>
        </class>
        <class name="canvas-helper.ts" filename="src/app/classes/utils/canvas-helper.ts" line-rate="1" branch-rate="1">
          <methods>
            <method name="(anonymous_0)" hits="9" signature="()V">
              <lines>
                <line number="6" hits="9"/>
              </lines>
            </method>
          </methods>
          <lines>
            <line number="4" hits="1" branch="false"/>
            <line number="6" hits="1" branch="false"/>
            <line number="7" hits="9" branch="false"/>
            <line number="8" hits="9" branch="false"/>
            <line number="9" hits="9" branch="false"/>
            <line number="10" hits="1129" branch="false"/>
            <line number="11" hits="1129" branch="false"/>
            <line number="17" hits="1129" branch="false"/>
            <line number="18" hits="1129" branch="false"/>
            <line number="20" hits="9" branch="false"/>
          </lines>
        </class>
        <class name="canvas-test-helper.ts" filename="src/app/classes/utils/canvas-test-helper.ts" line-rate="1" branch-rate="1">
          <methods>
          </methods>
          <lines>
            <line number="1" hits="1" branch="false"/>
            <line number="2" hits="1" branch="false"/>
            <line number="4" hits="1" branch="false"/>
            <line number="5" hits="1" branch="false"/>
            <line number="6" hits="1" branch="false"/>
            <line number="8" hits="1" branch="false"/>
            <line number="9" hits="1" branch="false"/>
            <line number="10" hits="1" branch="false"/>
            <line number="12" hits="1" branch="false"/>
            <line number="13" hits="1" branch="false"/>
            <line number="14" hits="1" branch="false"/>
            <line number="16" hits="1" branch="false"/>
          </lines>
        </class>
        <class name="extrapolation.ts" filename="src/app/classes/utils/extrapolation.ts" line-rate="1" branch-rate="1">
          <methods>
            <method name="(anonymous_0)" hits="11" signature="()V">
              <lines>
                <line number="6" hits="11"/>
              </lines>
            </method>
            <method name="(anonymous_1)" hits="4" signature="()V">
              <lines>
                <line number="11" hits="4"/>
              </lines>
            </method>
            <method name="(anonymous_2)" hits="10" signature="()V">
              <lines>
                <line number="28" hits="10"/>
              </lines>
            </method>
            <method name="(anonymous_3)" hits="10" signature="()V">
              <lines>
                <line number="37" hits="10"/>
              </lines>
            </method>
            <method name="(anonymous_4)" hits="22" signature="()V">
              <lines>
                <line number="45" hits="22"/>
              </lines>
            </method>
          </methods>
          <lines>
            <line number="7" hits="11" branch="true" condition-coverage="100% (2/2)"/>
            <line number="9" hits="2" branch="false"/>
            <line number="11" hits="2" branch="false"/>
            <line number="12" hits="4" branch="true" condition-coverage="100% (2/2)"/>
            <line number="13" hits="2" branch="false"/>
            <line number="14" hits="2" branch="false"/>
            <line number="17" hits="2" branch="false"/>
            <line number="18" hits="10" branch="false"/>
            <line number="19" hits="10" branch="false"/>
            <line number="22" hits="2" branch="false"/>
            <line number="25" hits="2" branch="false"/>
            <line number="29" hits="10" branch="false"/>
            <line number="30" hits="10" branch="false"/>
            <line number="31" hits="10" branch="false"/>
            <line number="32" hits="10" branch="false"/>
            <line number="38" hits="10" branch="false"/>
            <line number="39" hits="10" branch="false"/>
            <line number="43" hits="10" branch="false"/>
            <line number="46" hits="22" branch="false"/>
            <line number="47" hits="22" branch="false"/>
            <line number="48" hits="22" branch="false"/>
          </lines>
        </class>
        <class name="point.ts" filename="src/app/classes/utils/point.ts" line-rate="1" branch-rate="1">
          <methods>
            <method name="(anonymous_0)" hits="8002" signature="()V">
              <lines>
                <line number="6" hits="8002"/>
              </lines>
            </method>
          </methods>
          <lines>
            <line number="7" hits="8002" branch="false"/>
            <line number="8" hits="8002" branch="false"/>
          </lines>
        </class>
        <class name="queue.ts" filename="src/app/classes/utils/queue.ts" line-rate="1" branch-rate="1">
          <methods>
            <method name="(anonymous_0)" hits="73" signature="()V">
              <lines>
                <line number="1" hits="73"/>
              </lines>
            </method>
            <method name="(anonymous_1)" hits="3" signature="()V">
              <lines>
                <line number="4" hits="3"/>
              </lines>
            </method>
            <method name="(anonymous_2)" hits="2" signature="()V">
              <lines>
                <line number="7" hits="2"/>
              </lines>
            </method>
            <method name="(anonymous_3)" hits="4" signature="()V">
              <lines>
                <line number="11" hits="4"/>
              </lines>
            </method>
          </methods>
          <lines>
            <line number="2" hits="73" branch="false"/>
            <line number="5" hits="3" branch="false"/>
            <line number="8" hits="2" branch="false"/>
            <line number="12" hits="4" branch="false"/>
          </lines>
        </class>
        <class name="ring-buffer.ts" filename="src/app/classes/utils/ring-buffer.ts" line-rate="1" branch-rate="1">
          <methods>
            <method name="(anonymous_0)" hits="118" signature="()V">
              <lines>
                <line number="1" hits="118"/>
              </lines>
            </method>
            <method name="(anonymous_1)" hits="75" signature="()V">
              <lines>
                <line number="5" hits="75"/>
              </lines>
            </method>
            <method name="(anonymous_2)" hits="252" signature="()V">
              <lines>
                <line number="6" hits="252"/>
              </lines>
            </method>
            <method name="(anonymous_3)" hits="1" signature="()V">
              <lines>
                <line number="11" hits="1"/>
              </lines>
            </method>
            <method name="(anonymous_4)" hits="4" signature="()V">
              <lines>
                <line number="17" hits="4"/>
              </lines>
            </method>
            <method name="(anonymous_5)" hits="1" signature="()V">
              <lines>
                <line number="21" hits="1"/>
              </lines>
            </method>
            <method name="(anonymous_6)" hits="7" signature="()V">
[...]
            <line number="159" hits="6" branch="false"/>
            <line number="160" hits="6" branch="false"/>
            <line number="162" hits="22" branch="false"/>
            <line number="164" hits="6" branch="false"/>
            <line number="168" hits="3" branch="false"/>
            <line number="169" hits="3" branch="false"/>
            <line number="170" hits="1" branch="false"/>
            <line number="172" hits="3" branch="false"/>
            <line number="173" hits="3" branch="false"/>
            <line number="174" hits="2" branch="false"/>
            <line number="176" hits="3" branch="false"/>
          </lines>
        </class>
        <class name="text.service.ts" filename="src/app/services/tools/text/text.service.ts" line-rate="1" branch-rate="1">
          <methods>
            <method name="(anonymous_0)" hits="76" signature="()V">
              <lines>
                <line number="41" hits="76"/>
              </lines>
            </method>
            <method name="(anonymous_1)" hits="3" signature="()V">
              <lines>
                <line number="59" hits="3"/>
              </lines>
            </method>
            <method name="(anonymous_2)" hits="11" signature="()V">
              <lines>
                <line number="74" hits="11"/>
              </lines>
            </method>
            <method name="(anonymous_3)" hits="1" signature="()V">
              <lines>
                <line number="89" hits="1"/>
              </lines>
            </method>
            <method name="(anonymous_4)" hits="2" signature="()V">
              <lines>
                <line number="93" hits="2"/>
              </lines>
            </method>
            <method name="(anonymous_5)" hits="2" signature="()V">
              <lines>
                <line number="101" hits="2"/>
              </lines>
            </method>
            <method name="(anonymous_6)" hits="1" signature="()V">
              <lines>
                <line number="108" hits="1"/>
              </lines>
            </method>
            <method name="(anonymous_7)" hits="1" signature="()V">
              <lines>
                <line number="115" hits="1"/>
              </lines>
            </method>
            <method name="(anonymous_8)" hits="1" signature="()V">
              <lines>
                <line number="121" hits="1"/>
              </lines>
            </method>
            <method name="(anonymous_9)" hits="1" signature="()V">
              <lines>
                <line number="125" hits="1"/>
              </lines>
            </method>
            <method name="(anonymous_10)" hits="3" signature="()V">
              <lines>
                <line number="131" hits="3"/>
              </lines>
            </method>
            <method name="(anonymous_11)" hits="1" signature="()V">
              <lines>
                <line number="141" hits="1"/>
              </lines>
            </method>
            <method name="(anonymous_12)" hits="1" signature="()V">
              <lines>
                <line number="145" hits="1"/>
              </lines>
            </method>
            <method name="(anonymous_13)" hits="77" signature="()V">
              <lines>
                <line number="158" hits="77"/>
              </lines>
            </method>
            <method name="(anonymous_14)" hits="1" signature="()V">
              <lines>
                <line number="159" hits="1"/>
              </lines>
            </method>
            <method name="(anonymous_15)" hits="1" signature="()V">
              <lines>
                <line number="162" hits="1"/>
              </lines>
            </method>
            <method name="(anonymous_16)" hits="1" signature="()V">
              <lines>
                <line number="165" hits="1"/>
              </lines>
            </method>
            <method name="(anonymous_17)" hits="1" signature="()V">
              <lines>
                <line number="168" hits="1"/>
              </lines>
            </method>
            <method name="(anonymous_18)" hits="1" signature="()V">
              <lines>
                <line number="171" hits="1"/>
              </lines>
            </method>
            <method name="(anonymous_19)" hits="1" signature="()V">
              <lines>
                <line number="175" hits="1"/>
              </lines>
            </method>
            <method name="(anonymous_20)" hits="1" signature="()V">
              <lines>
                <line number="179" hits="1"/>
              </lines>
            </method>
            <method name="(anonymous_21)" hits="1" signature="()V">
              <lines>
                <line number="183" hits="1"/>
              </lines>
            </method>
          </methods>
          <lines>
            <line number="15" hits="1" branch="false"/>
            <line number="16" hits="1" branch="false"/>
            <line number="18" hits="1" branch="false"/>
            <line number="20" hits="1" branch="false"/>
            <line number="22" hits="1" branch="false"/>
            <line number="23" hits="1" branch="false"/>
            <line number="24" hits="1" branch="false"/>
            <line number="29" hits="1" branch="false"/>
            <line number="42" hits="76" branch="false"/>
            <line number="43" hits="76" branch="false"/>
            <line number="44" hits="76" branch="false"/>
            <line number="45" hits="76" branch="false"/>
            <line number="47" hits="76" branch="false"/>
            <line number="48" hits="76" branch="false"/>
            <line number="49" hits="76" branch="false"/>
            <line number="50" hits="76" branch="false"/>
            <line number="52" hits="76" branch="false"/>
            <line number="54" hits="76" branch="false"/>
            <line number="55" hits="76" branch="false"/>
            <line number="56" hits="76" branch="false"/>
            <line number="60" hits="3" branch="true" condition-coverage="100% (2/2)"/>
            <line number="61" hits="2" branch="true" condition-coverage="100% (2/2)"/>
            <line number="62" hits="1" branch="false"/>
            <line number="63" hits="1" branch="false"/>
            <line number="64" hits="1" branch="false"/>
            <line number="65" hits="1" branch="false"/>
            <line number="66" hits="1" branch="false"/>
            <line number="68" hits="1" branch="false"/>
            <line number="71" hits="2" branch="false"/>
            <line number="75" hits="11" branch="false"/>
            <line number="76" hits="11" branch="true" condition-coverage="100% (2/2)"/>
            <line number="77" hits="10" branch="false"/>
            <line number="79" hits="10" branch="false"/>
            <line number="80" hits="10" branch="false"/>
            <line number="81" hits="10" branch="true" condition-coverage="100% (2/2)"/>
            <line number="82" hits="2" branch="true" condition-coverage="100% (2/2)"/>
            <line number="83" hits="1" branch="false"/>
            <line number="86" hits="10" branch="true" condition-coverage="100% (2/2)"/>
            <line number="90" hits="1" branch="false"/>
            <line number="94" hits="2" branch="false"/>
            <line number="95" hits="2" branch="false"/>
            <line number="97" hits="2" branch="true" condition-coverage="100% (2/2)"/>
            <line number="98" hits="1" branch="false"/>
            <line number="99" hits="1" branch="false"/>
            <line number="102" hits="2" branch="false"/>
            <line number="103" hits="2" branch="true" condition-coverage="100% (2/2)"/>
            <line number="104" hits="2" branch="false"/>
            <line number="105" hits="2" branch="false"/>
            <line number="106" hits="2" branch="false"/>
            <line number="109" hits="1" branch="false"/>
            <line number="111" hits="1" branch="false"/>
            <line number="112" hits="1" branch="false"/>
            <line number="113" hits="1" branch="false"/>
            <line number="116" hits="1" branch="false"/>
            <line number="117" hits="1" branch="false"/>
            <line number="118" hits="1" branch="false"/>
            <line number="122" hits="1" branch="false"/>
            <line number="126" hits="1" branch="false"/>
            <line number="132" hits="3" branch="false"/>
            <line number="133" hits="4" branch="true" condition-coverage="100% (2/2)"/>
            <line number="135" hits="3" branch="false"/>
            <line number="136" hits="8" branch="true" condition-coverage="100% (2/2)"/>
            <line number="139" hits="2" branch="false"/>
            <line number="142" hits="1" branch="false"/>
            <line number="143" hits="1" branch="false"/>
            <line number="146" hits="1" branch="false"/>
            <line number="154" hits="1" branch="false"/>
            <line number="155" hits="1" branch="false"/>
            <line number="159" hits="77" branch="false"/>
            <line number="160" hits="1" branch="false"/>
            <line number="162" hits="77" branch="false"/>
            <line number="163" hits="1" branch="false"/>
            <line number="165" hits="77" branch="false"/>
            <line number="166" hits="1" branch="false"/>
            <line number="168" hits="77" branch="false"/>
            <line number="169" hits="1" branch="false"/>
            <line number="171" hits="77" branch="false"/>
            <line number="172" hits="1" branch="false"/>
            <line number="173" hits="1" branch="false"/>
            <line number="175" hits="77" branch="false"/>
            <line number="176" hits="1" branch="false"/>
            <line number="177" hits="1" branch="false"/>
            <line number="179" hits="77" branch="false"/>
            <line number="180" hits="1" branch="false"/>
            <line number="181" hits="1" branch="false"/>
            <line number="183" hits="77" branch="false"/>
            <line number="184" hits="1" branch="false"/>
            <line number="185" hits="1" branch="false"/>
          </lines>
        </class>
      </classes>
    </package>
    <package name="src.app.services.undo-redo" line-rate="1" branch-rate="1">
      <classes>
        <class name="undo-redo.service.ts" filename="src/app/services/undo-redo/undo-redo.service.ts" line-rate="1" branch-rate="1">
          <methods>
            <method name="(anonymous_0)" hits="94" signature="()V">
              <lines>
                <line number="14" hits="94"/>
              </lines>
            </method>
            <method name="(anonymous_1)" hits="19" signature="()V">
              <lines>
                <line number="18" hits="19"/>
              </lines>
            </method>
            <method name="(anonymous_2)" hits="1" signature="()V">
              <lines>
                <line number="23" hits="1"/>
              </lines>
            </method>
            <method name="(anonymous_3)" hits="2" signature="()V">
              <lines>
                <line number="29" hits="2"/>
              </lines>
            </method>
            <method name="(anonymous_4)" hits="3" signature="()V">
              <lines>
                <line number="35" hits="3"/>
              </lines>
            </method>
            <method name="(anonymous_5)" hits="5" signature="()V">
              <lines>
                <line number="41" hits="5"/>
              </lines>
            </method>
            <method name="(anonymous_6)" hits="6" signature="()V">
              <lines>
                <line number="46" hits="6"/>
              </lines>
            </method>
            <method name="(anonymous_7)" hits="20" signature="()V">
              <lines>
                <line number="51" hits="20"/>
              </lines>
            </method>
            <method name="(anonymous_8)" hits="1" signature="()V">
              <lines>
                <line number="56" hits="1"/>
              </lines>
            </method>
            <method name="(anonymous_9)" hits="1" signature="()V">
              <lines>
                <line number="58" hits="1"/>
              </lines>
            </method>
          </methods>
          <lines>
            <line number="8" hits="1" branch="false"/>
            <line number="9" hits="94" branch="false"/>
            <line number="10" hits="94" branch="false"/>
            <line number="14" hits="94" branch="false"/>
            <line number="15" hits="94" branch="false"/>
            <line number="19" hits="19" branch="false"/>
            <line number="20" hits="19" branch="false"/>
            <line number="24" hits="1" branch="false"/>
            <line number="25" hits="1" branch="false"/>
            <line number="26" hits="1" branch="false"/>
            <line number="30" hits="2" branch="true" condition-coverage="100% (2/2)"/>
            <line number="31" hits="1" branch="false"/>
            <line number="32" hits="1" branch="false"/>
            <line number="36" hits="3" branch="true" condition-coverage="100% (2/2)"/>
            <line number="37" hits="2" branch="false"/>
            <line number="38" hits="2" branch="false"/>
            <line number="42" hits="5" branch="true" condition-coverage="100% (2/2)"/>
            <line number="43" hits="4" branch="false"/>
            <line number="47" hits="6" branch="true" condition-coverage="100% (2/2)"/>
            <line number="48" hits="5" branch="false"/>
            <line number="52" hits="20" branch="false"/>
            <line number="53" hits="20" branch="false"/>
            <line number="57" hits="1" branch="false"/>
            <line number="58" hits="1" branch="false"/>
            <line number="59" hits="1" branch="false"/>
            <line number="61" hits="1" branch="false"/>
          </lines>
        </class>
      </classes>
    </package>
    <package name="src.app.services.undo-redo.snapshot-factory" line-rate="1" branch-rate="1">
      <classes>
        <class name="snapshot-factory.service.ts" filename="src/app/services/undo-redo/snapshot-factory/snapshot-factory.service.ts" line-rate="1" branch-rate="1">
          <methods>
            <method name="(anonymous_0)" hits="90" signature="()V">
              <lines>
                <line number="20" hits="90"/>
              </lines>
            </method>
            <method name="(anonymous_1)" hits="21" signature="()V">
              <lines>
                <line number="28" hits="21"/>
              </lines>
            </method>
            <method name="(anonymous_2)" hits="20" signature="()V">
              <lines>
                <line number="44" hits="20"/>
              </lines>
            </method>
            <method name="(anonymous_3)" hits="1" signature="()V">
              <lines>
                <line number="45" hits="1"/>
              </lines>
            </method>
            <method name="(anonymous_4)" hits="1" signature="()V">
              <lines>
                <line number="54" hits="1"/>
              </lines>
            </method>
            <method name="(anonymous_5)" hits="1" signature="()V">
              <lines>
                <line number="62" hits="1"/>
              </lines>
            </method>
            <method name="(anonymous_6)" hits="1" signature="()V">
              <lines>
                <line number="63" hits="1"/>
              </lines>
            </method>
            <method name="(anonymous_7)" hits="1" signature="()V">
              <lines>
                <line number="69" hits="1"/>
              </lines>
            </method>
            <method name="(anonymous_8)" hits="1" signature="()V">
              <lines>
                <line number="70" hits="1"/>
              </lines>
            </method>
            <method name="(anonymous_9)" hits="3" signature="()V">
              <lines>
                <line number="76" hits="3"/>
              </lines>
            </method>
            <method name="(anonymous_10)" hits="3" signature="()V">
              <lines>
                <line number="77" hits="3"/>
              </lines>
            </method>
          </methods>
          <lines>
            <line number="19" hits="1" branch="false"/>
            <line number="21" hits="90" branch="false"/>
            <line number="22" hits="90" branch="false"/>
            <line number="23" hits="90" branch="false"/>
            <line number="24" hits="90" branch="false"/>
            <line number="25" hits="90" branch="false"/>
            <line number="29" hits="21" branch="false"/>
            <line number="31" hits="21" branch="false"/>
            <line number="33" hits="19" branch="false"/>
            <line number="34" hits="19" branch="false"/>
            <line number="36" hits="1" branch="false"/>
            <line number="37" hits="1" branch="false"/>
            <line number="39" hits="1" branch="false"/>
            <line number="40" hits="1" branch="false"/>
            <line number="45" hits="20" branch="false"/>
            <line number="46" hits="1" branch="false"/>
            <line number="47" hits="1" branch="false"/>
            <line number="48" hits="1" branch="false"/>
            <line number="52" hits="20" branch="true" condition-coverage="100% (2/2)"/>
            <line number="54" hits="1" branch="false"/>
            <line number="55" hits="1" branch="false"/>
            <line number="56" hits="1" branch="false"/>
            <line number="57" hits="1" branch="false"/>
            <line number="59" hits="1" branch="false"/>
            <line number="63" hits="1" branch="false"/>
            <line number="64" hits="1" branch="false"/>
            <line number="66" hits="1" branch="false"/>
            <line number="70" hits="1" branch="false"/>
            <line number="71" hits="1" branch="false"/>
            <line number="73" hits="1" branch="false"/>
            <line number="77" hits="3" branch="false"/>
            <line number="78" hits="3" branch="false"/>
            <line number="79" hits="3" branch="false"/>
            <line number="80" hits="3" branch="false"/>
          </lines>
        </class>
      </classes>
    </package>
    <package name="src.app.services.workspace" line-rate="1" branch-rate="1">
      <classes>
        <class name="workspace.service.ts" filename="src/app/services/workspace/workspace.service.ts" line-rate="1" branch-rate="1">
          <methods>
            <method name="(anonymous_0)" hits="56" signature="()V">
              <lines>
                <line number="21" hits="56"/>
              </lines>
            </method>
            <method name="(anonymous_1)" hits="2" signature="()V">
              <lines>
                <line number="25" hits="2"/>
              </lines>
            </method>
            <method name="(anonymous_2)" hits="1" signature="()V">
              <lines>
                <line number="30" hits="1"/>
              </lines>
            </method>
            <method name="(anonymous_3)" hits="4" signature="()V">
              <lines>
                <line number="34" hits="4"/>
              </lines>
            </method>
            <method name="(anonymous_4)" hits="1" signature="()V">
              <lines>
                <line number="38" hits="1"/>
              </lines>
            </method>
          </methods>
          <lines>
            <line number="9" hits="1" branch="false"/>
            <line number="14" hits="1" branch="false"/>
            <line number="22" hits="56" branch="false"/>
            <line number="26" hits="2" branch="false"/>
            <line number="27" hits="2" branch="false"/>
            <line number="31" hits="1" branch="false"/>
            <line number="35" hits="4" branch="false"/>
            <line number="39" hits="1" branch="false"/>
          </lines>
        </class>
      </classes>
    </package>
  </packages>
</coverage>
